app/build/intermediates/manifest_merge_blame_file/debug/manifest-merger-blame-debug-report.txt
1<?xml version="1.0" encoding="utf-8"?>
2<manifest xmlns:android="http://schemas.android.com/apk/res/android"
3    package="com.mustafa.ejob"
4    android:versionCode="1"
5    android:versionName="1.0" >
6
7    <uses-sdk
8        android:minSdkVersion="19"
8-->src/main/AndroidManifest.xml
9        android:targetSdkVersion="30" />
9-->src/main/AndroidManifest.xml
10
11    <uses-permission android:name="android.permission.INTERNET" />
11-->src/main/AndroidManifest.xml:5:5-67
11-->src/main/AndroidManifest.xml:5:22-64
12
13    <application
13-->src/main/AndroidManifest.xml:7:5-29:19
14        android:name="com.mustafa.ejob.MyApplication"
14-->src/main/AndroidManifest.xml:8:9-38
15        android:allowBackup="true"
15-->src/main/AndroidManifest.xml:9:9-35
16        android:appComponentFactory="androidx.core.app.CoreComponentFactory"
16-->[androidx.core:core:1.3.1] AndroidManifest.xml:24:18-86
17        android:debuggable="true"
18        android:icon="@mipmap/ic_launcher"
18-->src/main/AndroidManifest.xml:10:9-43
19        android:label="@string/app_name"
19-->src/main/AndroidManifest.xml:11:9-41
20        android:roundIcon="@mipmap/ic_launcher_round"
20-->src/main/AndroidManifest.xml:12:9-54
21        android:supportsRtl="true"
21-->src/main/AndroidManifest.xml:13:9-35
22        android:testOnly="true"
23        android:theme="@style/Theme.Ejob" >
23-->src/main/AndroidManifest.xml:14:9-42
24        <activity android:name="com.mustafa.ejob.SuitableCandidatesActivity" />
24-->src/main/AndroidManifest.xml:15:9-73
24-->src/main/AndroidManifest.xml:15:19-61
25        <activity android:name="com.mustafa.ejob.AddNewJobActivity" />
25-->src/main/AndroidManifest.xml:16:9-55
25-->src/main/AndroidManifest.xml:16:19-52
26        <activity android:name="com.mustafa.ejob.SuitableJobsActivity" />
26-->src/main/AndroidManifest.xml:17:9-58
26-->src/main/AndroidManifest.xml:17:19-55
27        <activity android:name="com.mustafa.ejob.AddNewDiplomaActivity" />
27-->src/main/AndroidManifest.xml:18:9-59
27-->src/main/AndroidManifest.xml:18:19-56
28        <activity android:name="com.mustafa.ejob.CompanyActivity" />
28-->src/main/AndroidManifest.xml:19:9-53
28-->src/main/AndroidManifest.xml:19:19-50
29        <activity android:name="com.mustafa.ejob.CandidateActivity" />
29-->src/main/AndroidManifest.xml:20:9-55
29-->src/main/AndroidManifest.xml:20:19-52
30        <activity android:name="com.mustafa.ejob.SignUpActivity" />
30-->src/main/AndroidManifest.xml:21:9-52
30-->src/main/AndroidManifest.xml:21:19-49
31        <activity android:name="com.mustafa.ejob.MainActivity" >
31-->src/main/AndroidManifest.xml:22:9-28:20
31-->src/main/AndroidManifest.xml:22:19-47
32            <intent-filter>
32-->src/main/AndroidManifest.xml:23:13-27:29
33                <action android:name="android.intent.action.MAIN" />
33-->src/main/AndroidManifest.xml:24:17-69
33-->src/main/AndroidManifest.xml:24:25-66
34
35                <category android:name="android.intent.category.LAUNCHER" />
35-->src/main/AndroidManifest.xml:26:17-77
35-->src/main/AndroidManifest.xml:26:27-74
36            </intent-filter>
37        </activity>
38    </application>
39
40</manifest>